<?xml version="1.0" encoding="UTF-8"?>
<testng-results ignored="0" total="1" passed="1" failed="0" skipped="0">
  <reporter-output>
  </reporter-output>
  <suite started-at="2023-05-05T16:58:25 IST" name="Default suite" finished-at="2023-05-05T16:58:25 IST" duration-ms="123">
    <groups>
    </groups>
    <test started-at="2023-05-05T16:58:25 IST" name="Default test" finished-at="2023-05-05T16:58:25 IST" duration-ms="123">
      <class name="Test.testLogic">
        <test-method signature="testAddSongs()[pri:0, instance:Test.testLogic@b9b00e0]" started-at="2023-05-05T16:58:25 IST" name="testAddSongs" finished-at="2023-05-05T16:58:25 IST" duration-ms="26" status="PASS">
          <reporter-output>
          </reporter-output>
        </test-method> <!-- testAddSongs -->
      </class> <!-- Test.testLogic -->
    </test> <!-- Default test -->
  </suite> <!-- Default suite -->
</testng-results>
